[2018-11-25 19:50:56] local.ERROR: SQLSTATE[42000]: Syntax error or access violation: 1075 Incorrect table definition; there can be only one auto column and it must be defined as a key (SQL: create table `posts` (`post_id` int unsigned not null auto_increment primary key comment 'llave primaria de la tabla POSTS', `post_tit` varchar(50) not null comment 'titulo de la entrada del POSTS', `post_tema` int not null auto_increment primary key comment 'tema principal relacionado a la entrada', `post_tags` varchar(50) null comment 'subtemas relacionados a la entrada', `post_usu` varchar(20) not null comment 'usuario que escribió la entrada', `post_fec` date not null comment 'fecha de publicación de la entrada', `post_key` varchar(500) not null comment 'palabras claves de lka entrada para el SEO', `post_desc` varchar(300) not null comment 'breve descripción de la entrada para mostrar en SEO', `post_tipo` enum('TEMA', 'NOTICIA', 'ENTRADA') not null comment 'tipo de entrada POSTS', `flg_publicar` tinyint(1) not null comment '1 para publicar la entrada y 0 para ocultarla de la pantalla', `created_at` timestamp null, `updated_at` timestamp null) default character set utf8mb4 collate 'utf8mb4_unicode_ci') {"exception":"[object] (Illuminate\\Database\\QueryException(code: 42000): SQLSTATE[42000]: Syntax error or access violation: 1075 Incorrect table definition; there can be only one auto column and it must be defined as a key (SQL: create table `posts` (`post_id` int unsigned not null auto_increment primary key comment 'llave primaria de la tabla POSTS', `post_tit` varchar(50) not null comment 'titulo de la entrada del POSTS', `post_tema` int not null auto_increment primary key comment 'tema principal relacionado a la entrada', `post_tags` varchar(50) null comment 'subtemas relacionados a la entrada', `post_usu` varchar(20) not null comment 'usuario que escribió la entrada', `post_fec` date not null comment 'fecha de publicación de la entrada', `post_key` varchar(500) not null comment 'palabras claves de lka entrada para el SEO', `post_desc` varchar(300) not null comment 'breve descripción de la entrada para mostrar en SEO', `post_tipo` enum('TEMA', 'NOTICIA', 'ENTRADA') not null comment 'tipo de entrada POSTS', `flg_publicar` tinyint(1) not null comment '1 para publicar la entrada y 0 para ocultarla de la pantalla', `created_at` timestamp null, `updated_at` timestamp null) default character set utf8mb4 collate 'utf8mb4_unicode_ci') at E:\\laragon\\www\\elbauldelcodigo_5.7\\vendor\\laravel\\framework\\src\\Illuminate\\Database\\Connection.php:664, PDOException(code: 42000): SQLSTATE[42000]: Syntax error or access violation: 1075 Incorrect table definition; there can be only one auto column and it must be defined as a key at E:\\laragon\\www\\elbauldelcodigo_5.7\\vendor\\laravel\\framework\\src\\Illuminate\\Database\\Connection.php:458)
[stacktrace]
#0 E:\\laragon\\www\\elbauldelcodigo_5.7\\vendor\\laravel\\framework\\src\\Illuminate\\Database\\Connection.php(624): Illuminate\\Database\\Connection->runQueryCallback('create table `p...', Array, Object(Closure))
#1 E:\\laragon\\www\\elbauldelcodigo_5.7\\vendor\\laravel\\framework\\src\\Illuminate\\Database\\Connection.php(459): Illuminate\\Database\\Connection->run('create table `p...', Array, Object(Closure))
#2 E:\\laragon\\www\\elbauldelcodigo_5.7\\vendor\\laravel\\framework\\src\\Illuminate\\Database\\Schema\\Blueprint.php(97): Illuminate\\Database\\Connection->statement('create table `p...')
#3 E:\\laragon\\www\\elbauldelcodigo_5.7\\vendor\\laravel\\framework\\src\\Illuminate\\Database\\Schema\\Builder.php(264): Illuminate\\Database\\Schema\\Blueprint->build(Object(Illuminate\\Database\\MySqlConnection), Object(Illuminate\\Database\\Schema\\Grammars\\MySqlGrammar))
#4 E:\\laragon\\www\\elbauldelcodigo_5.7\\vendor\\laravel\\framework\\src\\Illuminate\\Database\\Schema\\Builder.php(165): Illuminate\\Database\\Schema\\Builder->build(Object(Illuminate\\Database\\Schema\\Blueprint))
#5 E:\\laragon\\www\\elbauldelcodigo_5.7\\vendor\\laravel\\framework\\src\\Illuminate\\Support\\Facades\\Facade.php(223): Illuminate\\Database\\Schema\\Builder->create('posts', Object(Closure))
#6 E:\\laragon\\www\\elbauldelcodigo_5.7\\database\\migrations\\2018_11_25_191935_create_posts_table.php(28): Illuminate\\Support\\Facades\\Facade::__callStatic('create', Array)
#7 E:\\laragon\\www\\elbauldelcodigo_5.7\\vendor\\laravel\\framework\\src\\Illuminate\\Database\\Migrations\\Migrator.php(360): CreatePostsTable->up()
#8 E:\\laragon\\www\\elbauldelcodigo_5.7\\vendor\\laravel\\framework\\src\\Illuminate\\Database\\Migrations\\Migrator.php(367): Illuminate\\Database\\Migrations\\Migrator->Illuminate\\Database\\Migrations\\{closure}()
#9 E:\\laragon\\www\\elbauldelcodigo_5.7\\vendor\\laravel\\framework\\src\\Illuminate\\Database\\Migrations\\Migrator.php(178): Illuminate\\Database\\Migrations\\Migrator->runMigration(Object(CreatePostsTable), 'up')
#10 E:\\laragon\\www\\elbauldelcodigo_5.7\\vendor\\laravel\\framework\\src\\Illuminate\\Database\\Migrations\\Migrator.php(147): Illuminate\\Database\\Migrations\\Migrator->runUp('E:\\\\laragon\\\\www\\\\...', 1, false)
#11 E:\\laragon\\www\\elbauldelcodigo_5.7\\vendor\\laravel\\framework\\src\\Illuminate\\Database\\Migrations\\Migrator.php(96): Illuminate\\Database\\Migrations\\Migrator->runPending(Array, Array)
#12 E:\\laragon\\www\\elbauldelcodigo_5.7\\vendor\\laravel\\framework\\src\\Illuminate\\Database\\Console\\Migrations\\MigrateCommand.php(71): Illuminate\\Database\\Migrations\\Migrator->run(Array, Array)
#13 [internal function]: Illuminate\\Database\\Console\\Migrations\\MigrateCommand->handle()
#14 E:\\laragon\\www\\elbauldelcodigo_5.7\\vendor\\laravel\\framework\\src\\Illuminate\\Container\\BoundMethod.php(29): call_user_func_array(Array, Array)
#15 E:\\laragon\\www\\elbauldelcodigo_5.7\\vendor\\laravel\\framework\\src\\Illuminate\\Container\\BoundMethod.php(87): Illuminate\\Container\\BoundMethod::Illuminate\\Container\\{closure}()
#16 E:\\laragon\\www\\elbauldelcodigo_5.7\\vendor\\laravel\\framework\\src\\Illuminate\\Container\\BoundMethod.php(31): Illuminate\\Container\\BoundMethod::callBoundMethod(Object(Illuminate\\Foundation\\Application), Array, Object(Closure))
#17 E:\\laragon\\www\\elbauldelcodigo_5.7\\vendor\\laravel\\framework\\src\\Illuminate\\Container\\Container.php(572): Illuminate\\Container\\BoundMethod::call(Object(Illuminate\\Foundation\\Application), Array, Array, NULL)
#18 E:\\laragon\\www\\elbauldelcodigo_5.7\\vendor\\laravel\\framework\\src\\Illuminate\\Console\\Command.php(183): Illuminate\\Container\\Container->call(Array)
#19 E:\\laragon\\www\\elbauldelcodigo_5.7\\vendor\\symfony\\console\\Command\\Command.php(255): Illuminate\\Console\\Command->execute(Object(Symfony\\Component\\Console\\Input\\ArgvInput), Object(Illuminate\\Console\\OutputStyle))
#20 E:\\laragon\\www\\elbauldelcodigo_5.7\\vendor\\laravel\\framework\\src\\Illuminate\\Console\\Command.php(170): Symfony\\Component\\Console\\Command\\Command->run(Object(Symfony\\Component\\Console\\Input\\ArgvInput), Object(Illuminate\\Console\\OutputStyle))
#21 E:\\laragon\\www\\elbauldelcodigo_5.7\\vendor\\symfony\\console\\Application.php(886): Illuminate\\Console\\Command->run(Object(Symfony\\Component\\Console\\Input\\ArgvInput), Object(Symfony\\Component\\Console\\Output\\ConsoleOutput))
#22 E:\\laragon\\www\\elbauldelcodigo_5.7\\vendor\\symfony\\console\\Application.php(262): Symfony\\Component\\Console\\Application->doRunCommand(Object(Illuminate\\Database\\Console\\Migrations\\MigrateCommand), Object(Symfony\\Component\\Console\\Input\\ArgvInput), Object(Symfony\\Component\\Console\\Output\\ConsoleOutput))
#23 E:\\laragon\\www\\elbauldelcodigo_5.7\\vendor\\symfony\\console\\Application.php(145): Symfony\\Component\\Console\\Application->doRun(Object(Symfony\\Component\\Console\\Input\\ArgvInput), Object(Symfony\\Component\\Console\\Output\\ConsoleOutput))
#24 E:\\laragon\\www\\elbauldelcodigo_5.7\\vendor\\laravel\\framework\\src\\Illuminate\\Console\\Application.php(89): Symfony\\Component\\Console\\Application->run(Object(Symfony\\Component\\Console\\Input\\ArgvInput), Object(Symfony\\Component\\Console\\Output\\ConsoleOutput))
#25 E:\\laragon\\www\\elbauldelcodigo_5.7\\vendor\\laravel\\framework\\src\\Illuminate\\Foundation\\Console\\Kernel.php(122): Illuminate\\Console\\Application->run(Object(Symfony\\Component\\Console\\Input\\ArgvInput), Object(Symfony\\Component\\Console\\Output\\ConsoleOutput))
#26 E:\\laragon\\www\\elbauldelcodigo_5.7\\artisan(37): Illuminate\\Foundation\\Console\\Kernel->handle(Object(Symfony\\Component\\Console\\Input\\ArgvInput), Object(Symfony\\Component\\Console\\Output\\ConsoleOutput))
#27 {main}
"} 
[2018-11-25 19:53:33] local.ERROR: Class 'Illuminate\Support\Facade\Schema' not found {"exception":"[object] (Symfony\\Component\\Debug\\Exception\\FatalThrowableError(code: 0): Class 'Illuminate\\Support\\Facade\\Schema' not found at E:\\laragon\\www\\elbauldelcodigo_5.7\\app\\Providers\\AppServiceProvider.php:17)
[stacktrace]
#0 [internal function]: elbauldelcodigo\\Providers\\AppServiceProvider->boot()
#1 E:\\laragon\\www\\elbauldelcodigo_5.7\\vendor\\laravel\\framework\\src\\Illuminate\\Container\\BoundMethod.php(29): call_user_func_array(Array, Array)
#2 E:\\laragon\\www\\elbauldelcodigo_5.7\\vendor\\laravel\\framework\\src\\Illuminate\\Container\\BoundMethod.php(87): Illuminate\\Container\\BoundMethod::Illuminate\\Container\\{closure}()
#3 E:\\laragon\\www\\elbauldelcodigo_5.7\\vendor\\laravel\\framework\\src\\Illuminate\\Container\\BoundMethod.php(31): Illuminate\\Container\\BoundMethod::callBoundMethod(Object(Illuminate\\Foundation\\Application), Array, Object(Closure))
#4 E:\\laragon\\www\\elbauldelcodigo_5.7\\vendor\\laravel\\framework\\src\\Illuminate\\Container\\Container.php(572): Illuminate\\Container\\BoundMethod::call(Object(Illuminate\\Foundation\\Application), Array, Array, NULL)
#5 E:\\laragon\\www\\elbauldelcodigo_5.7\\vendor\\laravel\\framework\\src\\Illuminate\\Foundation\\Application.php(795): Illuminate\\Container\\Container->call(Array)
#6 E:\\laragon\\www\\elbauldelcodigo_5.7\\vendor\\laravel\\framework\\src\\Illuminate\\Foundation\\Application.php(778): Illuminate\\Foundation\\Application->bootProvider(Object(elbauldelcodigo\\Providers\\AppServiceProvider))
#7 [internal function]: Illuminate\\Foundation\\Application->Illuminate\\Foundation\\{closure}(Object(elbauldelcodigo\\Providers\\AppServiceProvider), 17)
#8 E:\\laragon\\www\\elbauldelcodigo_5.7\\vendor\\laravel\\framework\\src\\Illuminate\\Foundation\\Application.php(779): array_walk(Array, Object(Closure))
#9 E:\\laragon\\www\\elbauldelcodigo_5.7\\vendor\\laravel\\framework\\src\\Illuminate\\Foundation\\Bootstrap\\BootProviders.php(17): Illuminate\\Foundation\\Application->boot()
#10 E:\\laragon\\www\\elbauldelcodigo_5.7\\vendor\\laravel\\framework\\src\\Illuminate\\Foundation\\Application.php(204): Illuminate\\Foundation\\Bootstrap\\BootProviders->bootstrap(Object(Illuminate\\Foundation\\Application))
#11 E:\\laragon\\www\\elbauldelcodigo_5.7\\vendor\\laravel\\framework\\src\\Illuminate\\Foundation\\Console\\Kernel.php(297): Illuminate\\Foundation\\Application->bootstrapWith(Array)
#12 E:\\laragon\\www\\elbauldelcodigo_5.7\\vendor\\laravel\\framework\\src\\Illuminate\\Foundation\\Console\\Kernel.php(120): Illuminate\\Foundation\\Console\\Kernel->bootstrap()
#13 E:\\laragon\\www\\elbauldelcodigo_5.7\\artisan(37): Illuminate\\Foundation\\Console\\Kernel->handle(Object(Symfony\\Component\\Console\\Input\\ArgvInput), Object(Symfony\\Component\\Console\\Output\\ConsoleOutput))
#14 {main}
"} 
[2018-11-25 19:57:03] local.ERROR: SQLSTATE[42000]: Syntax error or access violation: 1075 Incorrect table definition; there can be only one auto column and it must be defined as a key (SQL: create table `posts` (`post_id` int unsigned not null auto_increment primary key comment 'llave primaria de la tabla POSTS', `post_tit` varchar(50) not null comment 'titulo de la entrada del POSTS', `post_tema` int not null auto_increment primary key comment 'tema principal relacionado a la entrada', `post_tags` varchar(50) null comment 'subtemas relacionados a la entrada', `post_usu` varchar(20) not null comment 'usuario que escribió la entrada', `post_fec` date not null comment 'fecha de publicación de la entrada', `post_key` varchar(500) not null comment 'palabras claves de lka entrada para el SEO', `post_desc` varchar(300) not null comment 'breve descripción de la entrada para mostrar en SEO', `post_tipo` enum('TEMA', 'NOTICIA', 'ENTRADA') not null comment 'tipo de entrada POSTS', `flg_publicar` tinyint(1) not null comment '1 para publicar la entrada y 0 para ocultarla de la pantalla', `created_at` timestamp null, `updated_at` timestamp null) default character set utf8mb4 collate 'utf8mb4_unicode_ci') {"exception":"[object] (Illuminate\\Database\\QueryException(code: 42000): SQLSTATE[42000]: Syntax error or access violation: 1075 Incorrect table definition; there can be only one auto column and it must be defined as a key (SQL: create table `posts` (`post_id` int unsigned not null auto_increment primary key comment 'llave primaria de la tabla POSTS', `post_tit` varchar(50) not null comment 'titulo de la entrada del POSTS', `post_tema` int not null auto_increment primary key comment 'tema principal relacionado a la entrada', `post_tags` varchar(50) null comment 'subtemas relacionados a la entrada', `post_usu` varchar(20) not null comment 'usuario que escribió la entrada', `post_fec` date not null comment 'fecha de publicación de la entrada', `post_key` varchar(500) not null comment 'palabras claves de lka entrada para el SEO', `post_desc` varchar(300) not null comment 'breve descripción de la entrada para mostrar en SEO', `post_tipo` enum('TEMA', 'NOTICIA', 'ENTRADA') not null comment 'tipo de entrada POSTS', `flg_publicar` tinyint(1) not null comment '1 para publicar la entrada y 0 para ocultarla de la pantalla', `created_at` timestamp null, `updated_at` timestamp null) default character set utf8mb4 collate 'utf8mb4_unicode_ci') at E:\\laragon\\www\\elbauldelcodigo_5.7\\vendor\\laravel\\framework\\src\\Illuminate\\Database\\Connection.php:664, PDOException(code: 42000): SQLSTATE[42000]: Syntax error or access violation: 1075 Incorrect table definition; there can be only one auto column and it must be defined as a key at E:\\laragon\\www\\elbauldelcodigo_5.7\\vendor\\laravel\\framework\\src\\Illuminate\\Database\\Connection.php:458)
[stacktrace]
#0 E:\\laragon\\www\\elbauldelcodigo_5.7\\vendor\\laravel\\framework\\src\\Illuminate\\Database\\Connection.php(624): Illuminate\\Database\\Connection->runQueryCallback('create table `p...', Array, Object(Closure))
#1 E:\\laragon\\www\\elbauldelcodigo_5.7\\vendor\\laravel\\framework\\src\\Illuminate\\Database\\Connection.php(459): Illuminate\\Database\\Connection->run('create table `p...', Array, Object(Closure))
#2 E:\\laragon\\www\\elbauldelcodigo_5.7\\vendor\\laravel\\framework\\src\\Illuminate\\Database\\Schema\\Blueprint.php(97): Illuminate\\Database\\Connection->statement('create table `p...')
#3 E:\\laragon\\www\\elbauldelcodigo_5.7\\vendor\\laravel\\framework\\src\\Illuminate\\Database\\Schema\\Builder.php(264): Illuminate\\Database\\Schema\\Blueprint->build(Object(Illuminate\\Database\\MySqlConnection), Object(Illuminate\\Database\\Schema\\Grammars\\MySqlGrammar))
#4 E:\\laragon\\www\\elbauldelcodigo_5.7\\vendor\\laravel\\framework\\src\\Illuminate\\Database\\Schema\\Builder.php(165): Illuminate\\Database\\Schema\\Builder->build(Object(Illuminate\\Database\\Schema\\Blueprint))
#5 E:\\laragon\\www\\elbauldelcodigo_5.7\\vendor\\laravel\\framework\\src\\Illuminate\\Support\\Facades\\Facade.php(223): Illuminate\\Database\\Schema\\Builder->create('posts', Object(Closure))
#6 E:\\laragon\\www\\elbauldelcodigo_5.7\\database\\migrations\\2018_11_25_191935_create_posts_table.php(28): Illuminate\\Support\\Facades\\Facade::__callStatic('create', Array)
#7 E:\\laragon\\www\\elbauldelcodigo_5.7\\vendor\\laravel\\framework\\src\\Illuminate\\Database\\Migrations\\Migrator.php(360): CreatePostsTable->up()
#8 E:\\laragon\\www\\elbauldelcodigo_5.7\\vendor\\laravel\\framework\\src\\Illuminate\\Database\\Migrations\\Migrator.php(367): Illuminate\\Database\\Migrations\\Migrator->Illuminate\\Database\\Migrations\\{closure}()
#9 E:\\laragon\\www\\elbauldelcodigo_5.7\\vendor\\laravel\\framework\\src\\Illuminate\\Database\\Migrations\\Migrator.php(178): Illuminate\\Database\\Migrations\\Migrator->runMigration(Object(CreatePostsTable), 'up')
#10 E:\\laragon\\www\\elbauldelcodigo_5.7\\vendor\\laravel\\framework\\src\\Illuminate\\Database\\Migrations\\Migrator.php(147): Illuminate\\Database\\Migrations\\Migrator->runUp('E:\\\\laragon\\\\www\\\\...', 2, false)
#11 E:\\laragon\\www\\elbauldelcodigo_5.7\\vendor\\laravel\\framework\\src\\Illuminate\\Database\\Migrations\\Migrator.php(96): Illuminate\\Database\\Migrations\\Migrator->runPending(Array, Array)
#12 E:\\laragon\\www\\elbauldelcodigo_5.7\\vendor\\laravel\\framework\\src\\Illuminate\\Database\\Console\\Migrations\\MigrateCommand.php(71): Illuminate\\Database\\Migrations\\Migrator->run(Array, Array)
#13 [internal function]: Illuminate\\Database\\Console\\Migrations\\MigrateCommand->handle()
#14 E:\\laragon\\www\\elbauldelcodigo_5.7\\vendor\\laravel\\framework\\src\\Illuminate\\Container\\BoundMethod.php(29): call_user_func_array(Array, Array)
#15 E:\\laragon\\www\\elbauldelcodigo_5.7\\vendor\\laravel\\framework\\src\\Illuminate\\Container\\BoundMethod.php(87): Illuminate\\Container\\BoundMethod::Illuminate\\Container\\{closure}()
#16 E:\\laragon\\www\\elbauldelcodigo_5.7\\vendor\\laravel\\framework\\src\\Illuminate\\Container\\BoundMethod.php(31): Illuminate\\Container\\BoundMethod::callBoundMethod(Object(Illuminate\\Foundation\\Application), Array, Object(Closure))
#17 E:\\laragon\\www\\elbauldelcodigo_5.7\\vendor\\laravel\\framework\\src\\Illuminate\\Container\\Container.php(572): Illuminate\\Container\\BoundMethod::call(Object(Illuminate\\Foundation\\Application), Array, Array, NULL)
#18 E:\\laragon\\www\\elbauldelcodigo_5.7\\vendor\\laravel\\framework\\src\\Illuminate\\Console\\Command.php(183): Illuminate\\Container\\Container->call(Array)
#19 E:\\laragon\\www\\elbauldelcodigo_5.7\\vendor\\symfony\\console\\Command\\Command.php(255): Illuminate\\Console\\Command->execute(Object(Symfony\\Component\\Console\\Input\\ArgvInput), Object(Illuminate\\Console\\OutputStyle))
#20 E:\\laragon\\www\\elbauldelcodigo_5.7\\vendor\\laravel\\framework\\src\\Illuminate\\Console\\Command.php(170): Symfony\\Component\\Console\\Command\\Command->run(Object(Symfony\\Component\\Console\\Input\\ArgvInput), Object(Illuminate\\Console\\OutputStyle))
#21 E:\\laragon\\www\\elbauldelcodigo_5.7\\vendor\\symfony\\console\\Application.php(886): Illuminate\\Console\\Command->run(Object(Symfony\\Component\\Console\\Input\\ArgvInput), Object(Symfony\\Component\\Console\\Output\\ConsoleOutput))
#22 E:\\laragon\\www\\elbauldelcodigo_5.7\\vendor\\symfony\\console\\Application.php(262): Symfony\\Component\\Console\\Application->doRunCommand(Object(Illuminate\\Database\\Console\\Migrations\\MigrateCommand), Object(Symfony\\Component\\Console\\Input\\ArgvInput), Object(Symfony\\Component\\Console\\Output\\ConsoleOutput))
#23 E:\\laragon\\www\\elbauldelcodigo_5.7\\vendor\\symfony\\console\\Application.php(145): Symfony\\Component\\Console\\Application->doRun(Object(Symfony\\Component\\Console\\Input\\ArgvInput), Object(Symfony\\Component\\Console\\Output\\ConsoleOutput))
#24 E:\\laragon\\www\\elbauldelcodigo_5.7\\vendor\\laravel\\framework\\src\\Illuminate\\Console\\Application.php(89): Symfony\\Component\\Console\\Application->run(Object(Symfony\\Component\\Console\\Input\\ArgvInput), Object(Symfony\\Component\\Console\\Output\\ConsoleOutput))
#25 E:\\laragon\\www\\elbauldelcodigo_5.7\\vendor\\laravel\\framework\\src\\Illuminate\\Foundation\\Console\\Kernel.php(122): Illuminate\\Console\\Application->run(Object(Symfony\\Component\\Console\\Input\\ArgvInput), Object(Symfony\\Component\\Console\\Output\\ConsoleOutput))
#26 E:\\laragon\\www\\elbauldelcodigo_5.7\\artisan(37): Illuminate\\Foundation\\Console\\Kernel->handle(Object(Symfony\\Component\\Console\\Input\\ArgvInput), Object(Symfony\\Component\\Console\\Output\\ConsoleOutput))
#27 {main}
"} 
[2018-11-25 20:01:32] local.ERROR: SQLSTATE[42000]: Syntax error or access violation: 1075 Incorrect table definition; there can be only one auto column and it must be defined as a key (SQL: create table `posts` (`post_id` int unsigned not null auto_increment primary key comment 'llave primaria de la tabla POSTS', `post_tit` varchar(50) not null comment 'titulo de la entrada del POSTS', `post_tema` int not null auto_increment primary key comment 'tema principal relacionado a la entrada', `post_tags` varchar(50) null comment 'subtemas relacionados a la entrada', `post_usu` varchar(20) not null comment 'usuario que escribió la entrada', `post_fec` date not null comment 'fecha de publicación de la entrada', `post_key` varchar(500) not null comment 'palabras claves de lka entrada para el SEO', `post_desc` varchar(300) not null comment 'breve descripción de la entrada para mostrar en SEO', `post_tipo` enum('TEMA', 'NOTICIA', 'ENTRADA') not null comment 'tipo de entrada POSTS', `flg_publicar` tinyint(1) not null comment '1 para publicar la entrada y 0 para ocultarla de la pantalla', `created_at` timestamp null, `updated_at` timestamp null) default character set utf8mb4 collate 'utf8mb4_unicode_ci') {"exception":"[object] (Illuminate\\Database\\QueryException(code: 42000): SQLSTATE[42000]: Syntax error or access violation: 1075 Incorrect table definition; there can be only one auto column and it must be defined as a key (SQL: create table `posts` (`post_id` int unsigned not null auto_increment primary key comment 'llave primaria de la tabla POSTS', `post_tit` varchar(50) not null comment 'titulo de la entrada del POSTS', `post_tema` int not null auto_increment primary key comment 'tema principal relacionado a la entrada', `post_tags` varchar(50) null comment 'subtemas relacionados a la entrada', `post_usu` varchar(20) not null comment 'usuario que escribió la entrada', `post_fec` date not null comment 'fecha de publicación de la entrada', `post_key` varchar(500) not null comment 'palabras claves de lka entrada para el SEO', `post_desc` varchar(300) not null comment 'breve descripción de la entrada para mostrar en SEO', `post_tipo` enum('TEMA', 'NOTICIA', 'ENTRADA') not null comment 'tipo de entrada POSTS', `flg_publicar` tinyint(1) not null comment '1 para publicar la entrada y 0 para ocultarla de la pantalla', `created_at` timestamp null, `updated_at` timestamp null) default character set utf8mb4 collate 'utf8mb4_unicode_ci') at E:\\laragon\\www\\elbauldelcodigo_5.7\\vendor\\laravel\\framework\\src\\Illuminate\\Database\\Connection.php:664, PDOException(code: 42000): SQLSTATE[42000]: Syntax error or access violation: 1075 Incorrect table definition; there can be only one auto column and it must be defined as a key at E:\\laragon\\www\\elbauldelcodigo_5.7\\vendor\\laravel\\framework\\src\\Illuminate\\Database\\Connection.php:458)
[stacktrace]
#0 E:\\laragon\\www\\elbauldelcodigo_5.7\\vendor\\laravel\\framework\\src\\Illuminate\\Database\\Connection.php(624): Illuminate\\Database\\Connection->runQueryCallback('create table `p...', Array, Object(Closure))
#1 E:\\laragon\\www\\elbauldelcodigo_5.7\\vendor\\laravel\\framework\\src\\Illuminate\\Database\\Connection.php(459): Illuminate\\Database\\Connection->run('create table `p...', Array, Object(Closure))
#2 E:\\laragon\\www\\elbauldelcodigo_5.7\\vendor\\laravel\\framework\\src\\Illuminate\\Database\\Schema\\Blueprint.php(97): Illuminate\\Database\\Connection->statement('create table `p...')
#3 E:\\laragon\\www\\elbauldelcodigo_5.7\\vendor\\laravel\\framework\\src\\Illuminate\\Database\\Schema\\Builder.php(264): Illuminate\\Database\\Schema\\Blueprint->build(Object(Illuminate\\Database\\MySqlConnection), Object(Illuminate\\Database\\Schema\\Grammars\\MySqlGrammar))
#4 E:\\laragon\\www\\elbauldelcodigo_5.7\\vendor\\laravel\\framework\\src\\Illuminate\\Database\\Schema\\Builder.php(165): Illuminate\\Database\\Schema\\Builder->build(Object(Illuminate\\Database\\Schema\\Blueprint))
#5 E:\\laragon\\www\\elbauldelcodigo_5.7\\vendor\\laravel\\framework\\src\\Illuminate\\Support\\Facades\\Facade.php(223): Illuminate\\Database\\Schema\\Builder->create('posts', Object(Closure))
#6 E:\\laragon\\www\\elbauldelcodigo_5.7\\database\\migrations\\2018_11_25_191935_create_posts_table.php(28): Illuminate\\Support\\Facades\\Facade::__callStatic('create', Array)
#7 E:\\laragon\\www\\elbauldelcodigo_5.7\\vendor\\laravel\\framework\\src\\Illuminate\\Database\\Migrations\\Migrator.php(360): CreatePostsTable->up()
#8 E:\\laragon\\www\\elbauldelcodigo_5.7\\vendor\\laravel\\framework\\src\\Illuminate\\Database\\Migrations\\Migrator.php(367): Illuminate\\Database\\Migrations\\Migrator->Illuminate\\Database\\Migrations\\{closure}()
#9 E:\\laragon\\www\\elbauldelcodigo_5.7\\vendor\\laravel\\framework\\src\\Illuminate\\Database\\Migrations\\Migrator.php(178): Illuminate\\Database\\Migrations\\Migrator->runMigration(Object(CreatePostsTable), 'up')
#10 E:\\laragon\\www\\elbauldelcodigo_5.7\\vendor\\laravel\\framework\\src\\Illuminate\\Database\\Migrations\\Migrator.php(147): Illuminate\\Database\\Migrations\\Migrator->runUp('E:\\\\laragon\\\\www\\\\...', 2, false)
#11 E:\\laragon\\www\\elbauldelcodigo_5.7\\vendor\\laravel\\framework\\src\\Illuminate\\Database\\Migrations\\Migrator.php(96): Illuminate\\Database\\Migrations\\Migrator->runPending(Array, Array)
#12 E:\\laragon\\www\\elbauldelcodigo_5.7\\vendor\\laravel\\framework\\src\\Illuminate\\Database\\Console\\Migrations\\MigrateCommand.php(71): Illuminate\\Database\\Migrations\\Migrator->run(Array, Array)
#13 [internal function]: Illuminate\\Database\\Console\\Migrations\\MigrateCommand->handle()
#14 E:\\laragon\\www\\elbauldelcodigo_5.7\\vendor\\laravel\\framework\\src\\Illuminate\\Container\\BoundMethod.php(29): call_user_func_array(Array, Array)
#15 E:\\laragon\\www\\elbauldelcodigo_5.7\\vendor\\laravel\\framework\\src\\Illuminate\\Container\\BoundMethod.php(87): Illuminate\\Container\\BoundMethod::Illuminate\\Container\\{closure}()
#16 E:\\laragon\\www\\elbauldelcodigo_5.7\\vendor\\laravel\\framework\\src\\Illuminate\\Container\\BoundMethod.php(31): Illuminate\\Container\\BoundMethod::callBoundMethod(Object(Illuminate\\Foundation\\Application), Array, Object(Closure))
#17 E:\\laragon\\www\\elbauldelcodigo_5.7\\vendor\\laravel\\framework\\src\\Illuminate\\Container\\Container.php(572): Illuminate\\Container\\BoundMethod::call(Object(Illuminate\\Foundation\\Application), Array, Array, NULL)
#18 E:\\laragon\\www\\elbauldelcodigo_5.7\\vendor\\laravel\\framework\\src\\Illuminate\\Console\\Command.php(183): Illuminate\\Container\\Container->call(Array)
#19 E:\\laragon\\www\\elbauldelcodigo_5.7\\vendor\\symfony\\console\\Command\\Command.php(255): Illuminate\\Console\\Command->execute(Object(Symfony\\Component\\Console\\Input\\ArgvInput), Object(Illuminate\\Console\\OutputStyle))
#20 E:\\laragon\\www\\elbauldelcodigo_5.7\\vendor\\laravel\\framework\\src\\Illuminate\\Console\\Command.php(170): Symfony\\Component\\Console\\Command\\Command->run(Object(Symfony\\Component\\Console\\Input\\ArgvInput), Object(Illuminate\\Console\\OutputStyle))
#21 E:\\laragon\\www\\elbauldelcodigo_5.7\\vendor\\symfony\\console\\Application.php(886): Illuminate\\Console\\Command->run(Object(Symfony\\Component\\Console\\Input\\ArgvInput), Object(Symfony\\Component\\Console\\Output\\ConsoleOutput))
#22 E:\\laragon\\www\\elbauldelcodigo_5.7\\vendor\\symfony\\console\\Application.php(262): Symfony\\Component\\Console\\Application->doRunCommand(Object(Illuminate\\Database\\Console\\Migrations\\MigrateCommand), Object(Symfony\\Component\\Console\\Input\\ArgvInput), Object(Symfony\\Component\\Console\\Output\\ConsoleOutput))
#23 E:\\laragon\\www\\elbauldelcodigo_5.7\\vendor\\symfony\\console\\Application.php(145): Symfony\\Component\\Console\\Application->doRun(Object(Symfony\\Component\\Console\\Input\\ArgvInput), Object(Symfony\\Component\\Console\\Output\\ConsoleOutput))
#24 E:\\laragon\\www\\elbauldelcodigo_5.7\\vendor\\laravel\\framework\\src\\Illuminate\\Console\\Application.php(89): Symfony\\Component\\Console\\Application->run(Object(Symfony\\Component\\Console\\Input\\ArgvInput), Object(Symfony\\Component\\Console\\Output\\ConsoleOutput))
#25 E:\\laragon\\www\\elbauldelcodigo_5.7\\vendor\\laravel\\framework\\src\\Illuminate\\Foundation\\Console\\Kernel.php(122): Illuminate\\Console\\Application->run(Object(Symfony\\Component\\Console\\Input\\ArgvInput), Object(Symfony\\Component\\Console\\Output\\ConsoleOutput))
#26 E:\\laragon\\www\\elbauldelcodigo_5.7\\artisan(37): Illuminate\\Foundation\\Console\\Kernel->handle(Object(Symfony\\Component\\Console\\Input\\ArgvInput), Object(Symfony\\Component\\Console\\Output\\ConsoleOutput))
#27 {main}
"} 
[2018-11-25 20:04:00] local.ERROR: SQLSTATE[42000]: Syntax error or access violation: 1075 Incorrect table definition; there can be only one auto column and it must be defined as a key (SQL: create table `posts` (`id` int unsigned not null auto_increment primary key comment 'llave primaria de la tabla POSTS', `post_tit` varchar(50) not null comment 'titulo de la entrada del POSTS', `post_tema` int not null auto_increment primary key comment 'tema principal relacionado a la entrada', `post_tags` varchar(50) null comment 'subtemas relacionados a la entrada', `post_usu` varchar(20) not null comment 'usuario que escribió la entrada', `post_fec` date not null comment 'fecha de publicación de la entrada', `post_key` varchar(500) not null comment 'palabras claves de lka entrada para el SEO', `post_desc` varchar(300) not null comment 'breve descripción de la entrada para mostrar en SEO', `post_tipo` enum('TEMA', 'NOTICIA', 'ENTRADA') not null comment 'tipo de entrada POSTS', `flg_publicar` tinyint(1) not null comment '1 para publicar la entrada y 0 para ocultarla de la pantalla', `created_at` timestamp null, `updated_at` timestamp null) default character set utf8mb4 collate 'utf8mb4_unicode_ci') {"exception":"[object] (Illuminate\\Database\\QueryException(code: 42000): SQLSTATE[42000]: Syntax error or access violation: 1075 Incorrect table definition; there can be only one auto column and it must be defined as a key (SQL: create table `posts` (`id` int unsigned not null auto_increment primary key comment 'llave primaria de la tabla POSTS', `post_tit` varchar(50) not null comment 'titulo de la entrada del POSTS', `post_tema` int not null auto_increment primary key comment 'tema principal relacionado a la entrada', `post_tags` varchar(50) null comment 'subtemas relacionados a la entrada', `post_usu` varchar(20) not null comment 'usuario que escribió la entrada', `post_fec` date not null comment 'fecha de publicación de la entrada', `post_key` varchar(500) not null comment 'palabras claves de lka entrada para el SEO', `post_desc` varchar(300) not null comment 'breve descripción de la entrada para mostrar en SEO', `post_tipo` enum('TEMA', 'NOTICIA', 'ENTRADA') not null comment 'tipo de entrada POSTS', `flg_publicar` tinyint(1) not null comment '1 para publicar la entrada y 0 para ocultarla de la pantalla', `created_at` timestamp null, `updated_at` timestamp null) default character set utf8mb4 collate 'utf8mb4_unicode_ci') at E:\\laragon\\www\\elbauldelcodigo_5.7\\vendor\\laravel\\framework\\src\\Illuminate\\Database\\Connection.php:664, PDOException(code: 42000): SQLSTATE[42000]: Syntax error or access violation: 1075 Incorrect table definition; there can be only one auto column and it must be defined as a key at E:\\laragon\\www\\elbauldelcodigo_5.7\\vendor\\laravel\\framework\\src\\Illuminate\\Database\\Connection.php:458)
[stacktrace]
#0 E:\\laragon\\www\\elbauldelcodigo_5.7\\vendor\\laravel\\framework\\src\\Illuminate\\Database\\Connection.php(624): Illuminate\\Database\\Connection->runQueryCallback('create table `p...', Array, Object(Closure))
#1 E:\\laragon\\www\\elbauldelcodigo_5.7\\vendor\\laravel\\framework\\src\\Illuminate\\Database\\Connection.php(459): Illuminate\\Database\\Connection->run('create table `p...', Array, Object(Closure))
#2 E:\\laragon\\www\\elbauldelcodigo_5.7\\vendor\\laravel\\framework\\src\\Illuminate\\Database\\Schema\\Blueprint.php(97): Illuminate\\Database\\Connection->statement('create table `p...')
#3 E:\\laragon\\www\\elbauldelcodigo_5.7\\vendor\\laravel\\framework\\src\\Illuminate\\Database\\Schema\\Builder.php(264): Illuminate\\Database\\Schema\\Blueprint->build(Object(Illuminate\\Database\\MySqlConnection), Object(Illuminate\\Database\\Schema\\Grammars\\MySqlGrammar))
#4 E:\\laragon\\www\\elbauldelcodigo_5.7\\vendor\\laravel\\framework\\src\\Illuminate\\Database\\Schema\\Builder.php(165): Illuminate\\Database\\Schema\\Builder->build(Object(Illuminate\\Database\\Schema\\Blueprint))
#5 E:\\laragon\\www\\elbauldelcodigo_5.7\\vendor\\laravel\\framework\\src\\Illuminate\\Support\\Facades\\Facade.php(223): Illuminate\\Database\\Schema\\Builder->create('posts', Object(Closure))
#6 E:\\laragon\\www\\elbauldelcodigo_5.7\\database\\migrations\\2018_11_25_191935_create_posts_table.php(28): Illuminate\\Support\\Facades\\Facade::__callStatic('create', Array)
#7 E:\\laragon\\www\\elbauldelcodigo_5.7\\vendor\\laravel\\framework\\src\\Illuminate\\Database\\Migrations\\Migrator.php(360): CreatePostsTable->up()
#8 E:\\laragon\\www\\elbauldelcodigo_5.7\\vendor\\laravel\\framework\\src\\Illuminate\\Database\\Migrations\\Migrator.php(367): Illuminate\\Database\\Migrations\\Migrator->Illuminate\\Database\\Migrations\\{closure}()
#9 E:\\laragon\\www\\elbauldelcodigo_5.7\\vendor\\laravel\\framework\\src\\Illuminate\\Database\\Migrations\\Migrator.php(178): Illuminate\\Database\\Migrations\\Migrator->runMigration(Object(CreatePostsTable), 'up')
#10 E:\\laragon\\www\\elbauldelcodigo_5.7\\vendor\\laravel\\framework\\src\\Illuminate\\Database\\Migrations\\Migrator.php(147): Illuminate\\Database\\Migrations\\Migrator->runUp('E:\\\\laragon\\\\www\\\\...', 2, false)
#11 E:\\laragon\\www\\elbauldelcodigo_5.7\\vendor\\laravel\\framework\\src\\Illuminate\\Database\\Migrations\\Migrator.php(96): Illuminate\\Database\\Migrations\\Migrator->runPending(Array, Array)
#12 E:\\laragon\\www\\elbauldelcodigo_5.7\\vendor\\laravel\\framework\\src\\Illuminate\\Database\\Console\\Migrations\\MigrateCommand.php(71): Illuminate\\Database\\Migrations\\Migrator->run(Array, Array)
#13 [internal function]: Illuminate\\Database\\Console\\Migrations\\MigrateCommand->handle()
#14 E:\\laragon\\www\\elbauldelcodigo_5.7\\vendor\\laravel\\framework\\src\\Illuminate\\Container\\BoundMethod.php(29): call_user_func_array(Array, Array)
#15 E:\\laragon\\www\\elbauldelcodigo_5.7\\vendor\\laravel\\framework\\src\\Illuminate\\Container\\BoundMethod.php(87): Illuminate\\Container\\BoundMethod::Illuminate\\Container\\{closure}()
#16 E:\\laragon\\www\\elbauldelcodigo_5.7\\vendor\\laravel\\framework\\src\\Illuminate\\Container\\BoundMethod.php(31): Illuminate\\Container\\BoundMethod::callBoundMethod(Object(Illuminate\\Foundation\\Application), Array, Object(Closure))
#17 E:\\laragon\\www\\elbauldelcodigo_5.7\\vendor\\laravel\\framework\\src\\Illuminate\\Container\\Container.php(572): Illuminate\\Container\\BoundMethod::call(Object(Illuminate\\Foundation\\Application), Array, Array, NULL)
#18 E:\\laragon\\www\\elbauldelcodigo_5.7\\vendor\\laravel\\framework\\src\\Illuminate\\Console\\Command.php(183): Illuminate\\Container\\Container->call(Array)
#19 E:\\laragon\\www\\elbauldelcodigo_5.7\\vendor\\symfony\\console\\Command\\Command.php(255): Illuminate\\Console\\Command->execute(Object(Symfony\\Component\\Console\\Input\\ArgvInput), Object(Illuminate\\Console\\OutputStyle))
#20 E:\\laragon\\www\\elbauldelcodigo_5.7\\vendor\\laravel\\framework\\src\\Illuminate\\Console\\Command.php(170): Symfony\\Component\\Console\\Command\\Command->run(Object(Symfony\\Component\\Console\\Input\\ArgvInput), Object(Illuminate\\Console\\OutputStyle))
#21 E:\\laragon\\www\\elbauldelcodigo_5.7\\vendor\\symfony\\console\\Application.php(886): Illuminate\\Console\\Command->run(Object(Symfony\\Component\\Console\\Input\\ArgvInput), Object(Symfony\\Component\\Console\\Output\\ConsoleOutput))
#22 E:\\laragon\\www\\elbauldelcodigo_5.7\\vendor\\symfony\\console\\Application.php(262): Symfony\\Component\\Console\\Application->doRunCommand(Object(Illuminate\\Database\\Console\\Migrations\\MigrateCommand), Object(Symfony\\Component\\Console\\Input\\ArgvInput), Object(Symfony\\Component\\Console\\Output\\ConsoleOutput))
#23 E:\\laragon\\www\\elbauldelcodigo_5.7\\vendor\\symfony\\console\\Application.php(145): Symfony\\Component\\Console\\Application->doRun(Object(Symfony\\Component\\Console\\Input\\ArgvInput), Object(Symfony\\Component\\Console\\Output\\ConsoleOutput))
#24 E:\\laragon\\www\\elbauldelcodigo_5.7\\vendor\\laravel\\framework\\src\\Illuminate\\Console\\Application.php(89): Symfony\\Component\\Console\\Application->run(Object(Symfony\\Component\\Console\\Input\\ArgvInput), Object(Symfony\\Component\\Console\\Output\\ConsoleOutput))
#25 E:\\laragon\\www\\elbauldelcodigo_5.7\\vendor\\laravel\\framework\\src\\Illuminate\\Foundation\\Console\\Kernel.php(122): Illuminate\\Console\\Application->run(Object(Symfony\\Component\\Console\\Input\\ArgvInput), Object(Symfony\\Component\\Console\\Output\\ConsoleOutput))
#26 E:\\laragon\\www\\elbauldelcodigo_5.7\\artisan(37): Illuminate\\Foundation\\Console\\Kernel->handle(Object(Symfony\\Component\\Console\\Input\\ArgvInput), Object(Symfony\\Component\\Console\\Output\\ConsoleOutput))
#27 {main}
"} 
[2018-11-25 20:04:07] local.ERROR: SQLSTATE[42000]: Syntax error or access violation: 1075 Incorrect table definition; there can be only one auto column and it must be defined as a key (SQL: create table `posts` (`id` int unsigned not null auto_increment primary key comment 'llave primaria de la tabla POSTS', `post_tit` varchar(50) not null comment 'titulo de la entrada del POSTS', `post_tema` int not null auto_increment primary key comment 'tema principal relacionado a la entrada', `post_tags` varchar(50) null comment 'subtemas relacionados a la entrada', `post_usu` varchar(20) not null comment 'usuario que escribió la entrada', `post_fec` date not null comment 'fecha de publicación de la entrada', `post_key` varchar(500) not null comment 'palabras claves de lka entrada para el SEO', `post_desc` varchar(300) not null comment 'breve descripción de la entrada para mostrar en SEO', `post_tipo` enum('TEMA', 'NOTICIA', 'ENTRADA') not null comment 'tipo de entrada POSTS', `flg_publicar` tinyint(1) not null comment '1 para publicar la entrada y 0 para ocultarla de la pantalla', `created_at` timestamp null, `updated_at` timestamp null) default character set utf8mb4 collate 'utf8mb4_unicode_ci') {"exception":"[object] (Illuminate\\Database\\QueryException(code: 42000): SQLSTATE[42000]: Syntax error or access violation: 1075 Incorrect table definition; there can be only one auto column and it must be defined as a key (SQL: create table `posts` (`id` int unsigned not null auto_increment primary key comment 'llave primaria de la tabla POSTS', `post_tit` varchar(50) not null comment 'titulo de la entrada del POSTS', `post_tema` int not null auto_increment primary key comment 'tema principal relacionado a la entrada', `post_tags` varchar(50) null comment 'subtemas relacionados a la entrada', `post_usu` varchar(20) not null comment 'usuario que escribió la entrada', `post_fec` date not null comment 'fecha de publicación de la entrada', `post_key` varchar(500) not null comment 'palabras claves de lka entrada para el SEO', `post_desc` varchar(300) not null comment 'breve descripción de la entrada para mostrar en SEO', `post_tipo` enum('TEMA', 'NOTICIA', 'ENTRADA') not null comment 'tipo de entrada POSTS', `flg_publicar` tinyint(1) not null comment '1 para publicar la entrada y 0 para ocultarla de la pantalla', `created_at` timestamp null, `updated_at` timestamp null) default character set utf8mb4 collate 'utf8mb4_unicode_ci') at E:\\laragon\\www\\elbauldelcodigo_5.7\\vendor\\laravel\\framework\\src\\Illuminate\\Database\\Connection.php:664, PDOException(code: 42000): SQLSTATE[42000]: Syntax error or access violation: 1075 Incorrect table definition; there can be only one auto column and it must be defined as a key at E:\\laragon\\www\\elbauldelcodigo_5.7\\vendor\\laravel\\framework\\src\\Illuminate\\Database\\Connection.php:458)
[stacktrace]
#0 E:\\laragon\\www\\elbauldelcodigo_5.7\\vendor\\laravel\\framework\\src\\Illuminate\\Database\\Connection.php(624): Illuminate\\Database\\Connection->runQueryCallback('create table `p...', Array, Object(Closure))
#1 E:\\laragon\\www\\elbauldelcodigo_5.7\\vendor\\laravel\\framework\\src\\Illuminate\\Database\\Connection.php(459): Illuminate\\Database\\Connection->run('create table `p...', Array, Object(Closure))
#2 E:\\laragon\\www\\elbauldelcodigo_5.7\\vendor\\laravel\\framework\\src\\Illuminate\\Database\\Schema\\Blueprint.php(97): Illuminate\\Database\\Connection->statement('create table `p...')
#3 E:\\laragon\\www\\elbauldelcodigo_5.7\\vendor\\laravel\\framework\\src\\Illuminate\\Database\\Schema\\Builder.php(264): Illuminate\\Database\\Schema\\Blueprint->build(Object(Illuminate\\Database\\MySqlConnection), Object(Illuminate\\Database\\Schema\\Grammars\\MySqlGrammar))
#4 E:\\laragon\\www\\elbauldelcodigo_5.7\\vendor\\laravel\\framework\\src\\Illuminate\\Database\\Schema\\Builder.php(165): Illuminate\\Database\\Schema\\Builder->build(Object(Illuminate\\Database\\Schema\\Blueprint))
#5 E:\\laragon\\www\\elbauldelcodigo_5.7\\vendor\\laravel\\framework\\src\\Illuminate\\Support\\Facades\\Facade.php(223): Illuminate\\Database\\Schema\\Builder->create('posts', Object(Closure))
#6 E:\\laragon\\www\\elbauldelcodigo_5.7\\database\\migrations\\2018_11_25_191935_create_posts_table.php(28): Illuminate\\Support\\Facades\\Facade::__callStatic('create', Array)
#7 E:\\laragon\\www\\elbauldelcodigo_5.7\\vendor\\laravel\\framework\\src\\Illuminate\\Database\\Migrations\\Migrator.php(360): CreatePostsTable->up()
#8 E:\\laragon\\www\\elbauldelcodigo_5.7\\vendor\\laravel\\framework\\src\\Illuminate\\Database\\Migrations\\Migrator.php(367): Illuminate\\Database\\Migrations\\Migrator->Illuminate\\Database\\Migrations\\{closure}()
#9 E:\\laragon\\www\\elbauldelcodigo_5.7\\vendor\\laravel\\framework\\src\\Illuminate\\Database\\Migrations\\Migrator.php(178): Illuminate\\Database\\Migrations\\Migrator->runMigration(Object(CreatePostsTable), 'up')
#10 E:\\laragon\\www\\elbauldelcodigo_5.7\\vendor\\laravel\\framework\\src\\Illuminate\\Database\\Migrations\\Migrator.php(147): Illuminate\\Database\\Migrations\\Migrator->runUp('E:\\\\laragon\\\\www\\\\...', 2, false)
#11 E:\\laragon\\www\\elbauldelcodigo_5.7\\vendor\\laravel\\framework\\src\\Illuminate\\Database\\Migrations\\Migrator.php(96): Illuminate\\Database\\Migrations\\Migrator->runPending(Array, Array)
#12 E:\\laragon\\www\\elbauldelcodigo_5.7\\vendor\\laravel\\framework\\src\\Illuminate\\Database\\Console\\Migrations\\MigrateCommand.php(71): Illuminate\\Database\\Migrations\\Migrator->run(Array, Array)
#13 [internal function]: Illuminate\\Database\\Console\\Migrations\\MigrateCommand->handle()
#14 E:\\laragon\\www\\elbauldelcodigo_5.7\\vendor\\laravel\\framework\\src\\Illuminate\\Container\\BoundMethod.php(29): call_user_func_array(Array, Array)
#15 E:\\laragon\\www\\elbauldelcodigo_5.7\\vendor\\laravel\\framework\\src\\Illuminate\\Container\\BoundMethod.php(87): Illuminate\\Container\\BoundMethod::Illuminate\\Container\\{closure}()
#16 E:\\laragon\\www\\elbauldelcodigo_5.7\\vendor\\laravel\\framework\\src\\Illuminate\\Container\\BoundMethod.php(31): Illuminate\\Container\\BoundMethod::callBoundMethod(Object(Illuminate\\Foundation\\Application), Array, Object(Closure))
#17 E:\\laragon\\www\\elbauldelcodigo_5.7\\vendor\\laravel\\framework\\src\\Illuminate\\Container\\Container.php(572): Illuminate\\Container\\BoundMethod::call(Object(Illuminate\\Foundation\\Application), Array, Array, NULL)
#18 E:\\laragon\\www\\elbauldelcodigo_5.7\\vendor\\laravel\\framework\\src\\Illuminate\\Console\\Command.php(183): Illuminate\\Container\\Container->call(Array)
#19 E:\\laragon\\www\\elbauldelcodigo_5.7\\vendor\\symfony\\console\\Command\\Command.php(255): Illuminate\\Console\\Command->execute(Object(Symfony\\Component\\Console\\Input\\ArgvInput), Object(Illuminate\\Console\\OutputStyle))
#20 E:\\laragon\\www\\elbauldelcodigo_5.7\\vendor\\laravel\\framework\\src\\Illuminate\\Console\\Command.php(170): Symfony\\Component\\Console\\Command\\Command->run(Object(Symfony\\Component\\Console\\Input\\ArgvInput), Object(Illuminate\\Console\\OutputStyle))
#21 E:\\laragon\\www\\elbauldelcodigo_5.7\\vendor\\symfony\\console\\Application.php(886): Illuminate\\Console\\Command->run(Object(Symfony\\Component\\Console\\Input\\ArgvInput), Object(Symfony\\Component\\Console\\Output\\ConsoleOutput))
#22 E:\\laragon\\www\\elbauldelcodigo_5.7\\vendor\\symfony\\console\\Application.php(262): Symfony\\Component\\Console\\Application->doRunCommand(Object(Illuminate\\Database\\Console\\Migrations\\MigrateCommand), Object(Symfony\\Component\\Console\\Input\\ArgvInput), Object(Symfony\\Component\\Console\\Output\\ConsoleOutput))
#23 E:\\laragon\\www\\elbauldelcodigo_5.7\\vendor\\symfony\\console\\Application.php(145): Symfony\\Component\\Console\\Application->doRun(Object(Symfony\\Component\\Console\\Input\\ArgvInput), Object(Symfony\\Component\\Console\\Output\\ConsoleOutput))
#24 E:\\laragon\\www\\elbauldelcodigo_5.7\\vendor\\laravel\\framework\\src\\Illuminate\\Console\\Application.php(89): Symfony\\Component\\Console\\Application->run(Object(Symfony\\Component\\Console\\Input\\ArgvInput), Object(Symfony\\Component\\Console\\Output\\ConsoleOutput))
#25 E:\\laragon\\www\\elbauldelcodigo_5.7\\vendor\\laravel\\framework\\src\\Illuminate\\Foundation\\Console\\Kernel.php(122): Illuminate\\Console\\Application->run(Object(Symfony\\Component\\Console\\Input\\ArgvInput), Object(Symfony\\Component\\Console\\Output\\ConsoleOutput))
#26 E:\\laragon\\www\\elbauldelcodigo_5.7\\artisan(37): Illuminate\\Foundation\\Console\\Kernel->handle(Object(Symfony\\Component\\Console\\Input\\ArgvInput), Object(Symfony\\Component\\Console\\Output\\ConsoleOutput))
#27 {main}
"} 
[2018-11-25 20:05:01] local.ERROR: SQLSTATE[42000]: Syntax error or access violation: 1075 Incorrect table definition; there can be only one auto column and it must be defined as a key (SQL: create table `posts` (`id` int unsigned not null auto_increment primary key comment 'llave primaria de la tabla POSTS', `post_tit` varchar(50) not null comment 'titulo de la entrada del POSTS', `post_tema` int not null auto_increment primary key comment 'tema principal relacionado a la entrada', `post_tags` varchar(50) not null comment 'subtemas relacionados a la entrada', `post_usu` varchar(20) not null comment 'usuario que escribió la entrada', `post_fec` date not null comment 'fecha de publicación de la entrada', `post_key` varchar(500) not null comment 'palabras claves de lka entrada para el SEO', `post_desc` varchar(300) not null comment 'breve descripción de la entrada para mostrar en SEO', `post_tipo` enum('TEMA', 'NOTICIA', 'ENTRADA') not null comment 'tipo de entrada POSTS', `flg_publicar` tinyint(1) not null comment '1 para publicar la entrada y 0 para ocultarla de la pantalla', `created_at` timestamp null, `updated_at` timestamp null) default character set utf8mb4 collate 'utf8mb4_unicode_ci') {"exception":"[object] (Illuminate\\Database\\QueryException(code: 42000): SQLSTATE[42000]: Syntax error or access violation: 1075 Incorrect table definition; there can be only one auto column and it must be defined as a key (SQL: create table `posts` (`id` int unsigned not null auto_increment primary key comment 'llave primaria de la tabla POSTS', `post_tit` varchar(50) not null comment 'titulo de la entrada del POSTS', `post_tema` int not null auto_increment primary key comment 'tema principal relacionado a la entrada', `post_tags` varchar(50) not null comment 'subtemas relacionados a la entrada', `post_usu` varchar(20) not null comment 'usuario que escribió la entrada', `post_fec` date not null comment 'fecha de publicación de la entrada', `post_key` varchar(500) not null comment 'palabras claves de lka entrada para el SEO', `post_desc` varchar(300) not null comment 'breve descripción de la entrada para mostrar en SEO', `post_tipo` enum('TEMA', 'NOTICIA', 'ENTRADA') not null comment 'tipo de entrada POSTS', `flg_publicar` tinyint(1) not null comment '1 para publicar la entrada y 0 para ocultarla de la pantalla', `created_at` timestamp null, `updated_at` timestamp null) default character set utf8mb4 collate 'utf8mb4_unicode_ci') at E:\\laragon\\www\\elbauldelcodigo_5.7\\vendor\\laravel\\framework\\src\\Illuminate\\Database\\Connection.php:664, PDOException(code: 42000): SQLSTATE[42000]: Syntax error or access violation: 1075 Incorrect table definition; there can be only one auto column and it must be defined as a key at E:\\laragon\\www\\elbauldelcodigo_5.7\\vendor\\laravel\\framework\\src\\Illuminate\\Database\\Connection.php:458)
[stacktrace]
#0 E:\\laragon\\www\\elbauldelcodigo_5.7\\vendor\\laravel\\framework\\src\\Illuminate\\Database\\Connection.php(624): Illuminate\\Database\\Connection->runQueryCallback('create table `p...', Array, Object(Closure))
#1 E:\\laragon\\www\\elbauldelcodigo_5.7\\vendor\\laravel\\framework\\src\\Illuminate\\Database\\Connection.php(459): Illuminate\\Database\\Connection->run('create table `p...', Array, Object(Closure))
#2 E:\\laragon\\www\\elbauldelcodigo_5.7\\vendor\\laravel\\framework\\src\\Illuminate\\Database\\Schema\\Blueprint.php(97): Illuminate\\Database\\Connection->statement('create table `p...')
#3 E:\\laragon\\www\\elbauldelcodigo_5.7\\vendor\\laravel\\framework\\src\\Illuminate\\Database\\Schema\\Builder.php(264): Illuminate\\Database\\Schema\\Blueprint->build(Object(Illuminate\\Database\\MySqlConnection), Object(Illuminate\\Database\\Schema\\Grammars\\MySqlGrammar))
#4 E:\\laragon\\www\\elbauldelcodigo_5.7\\vendor\\laravel\\framework\\src\\Illuminate\\Database\\Schema\\Builder.php(165): Illuminate\\Database\\Schema\\Builder->build(Object(Illuminate\\Database\\Schema\\Blueprint))
#5 E:\\laragon\\www\\elbauldelcodigo_5.7\\vendor\\laravel\\framework\\src\\Illuminate\\Support\\Facades\\Facade.php(223): Illuminate\\Database\\Schema\\Builder->create('posts', Object(Closure))
#6 E:\\laragon\\www\\elbauldelcodigo_5.7\\database\\migrations\\2018_11_25_191935_create_posts_table.php(28): Illuminate\\Support\\Facades\\Facade::__callStatic('create', Array)
#7 E:\\laragon\\www\\elbauldelcodigo_5.7\\vendor\\laravel\\framework\\src\\Illuminate\\Database\\Migrations\\Migrator.php(360): CreatePostsTable->up()
#8 E:\\laragon\\www\\elbauldelcodigo_5.7\\vendor\\laravel\\framework\\src\\Illuminate\\Database\\Migrations\\Migrator.php(367): Illuminate\\Database\\Migrations\\Migrator->Illuminate\\Database\\Migrations\\{closure}()
#9 E:\\laragon\\www\\elbauldelcodigo_5.7\\vendor\\laravel\\framework\\src\\Illuminate\\Database\\Migrations\\Migrator.php(178): Illuminate\\Database\\Migrations\\Migrator->runMigration(Object(CreatePostsTable), 'up')
#10 E:\\laragon\\www\\elbauldelcodigo_5.7\\vendor\\laravel\\framework\\src\\Illuminate\\Database\\Migrations\\Migrator.php(147): Illuminate\\Database\\Migrations\\Migrator->runUp('E:\\\\laragon\\\\www\\\\...', 2, false)
#11 E:\\laragon\\www\\elbauldelcodigo_5.7\\vendor\\laravel\\framework\\src\\Illuminate\\Database\\Migrations\\Migrator.php(96): Illuminate\\Database\\Migrations\\Migrator->runPending(Array, Array)
#12 E:\\laragon\\www\\elbauldelcodigo_5.7\\vendor\\laravel\\framework\\src\\Illuminate\\Database\\Console\\Migrations\\MigrateCommand.php(71): Illuminate\\Database\\Migrations\\Migrator->run(Array, Array)
#13 [internal function]: Illuminate\\Database\\Console\\Migrations\\MigrateCommand->handle()
#14 E:\\laragon\\www\\elbauldelcodigo_5.7\\vendor\\laravel\\framework\\src\\Illuminate\\Container\\BoundMethod.php(29): call_user_func_array(Array, Array)
#15 E:\\laragon\\www\\elbauldelcodigo_5.7\\vendor\\laravel\\framework\\src\\Illuminate\\Container\\BoundMethod.php(87): Illuminate\\Container\\BoundMethod::Illuminate\\Container\\{closure}()
#16 E:\\laragon\\www\\elbauldelcodigo_5.7\\vendor\\laravel\\framework\\src\\Illuminate\\Container\\BoundMethod.php(31): Illuminate\\Container\\BoundMethod::callBoundMethod(Object(Illuminate\\Foundation\\Application), Array, Object(Closure))
#17 E:\\laragon\\www\\elbauldelcodigo_5.7\\vendor\\laravel\\framework\\src\\Illuminate\\Container\\Container.php(572): Illuminate\\Container\\BoundMethod::call(Object(Illuminate\\Foundation\\Application), Array, Array, NULL)
#18 E:\\laragon\\www\\elbauldelcodigo_5.7\\vendor\\laravel\\framework\\src\\Illuminate\\Console\\Command.php(183): Illuminate\\Container\\Container->call(Array)
#19 E:\\laragon\\www\\elbauldelcodigo_5.7\\vendor\\symfony\\console\\Command\\Command.php(255): Illuminate\\Console\\Command->execute(Object(Symfony\\Component\\Console\\Input\\ArgvInput), Object(Illuminate\\Console\\OutputStyle))
#20 E:\\laragon\\www\\elbauldelcodigo_5.7\\vendor\\laravel\\framework\\src\\Illuminate\\Console\\Command.php(170): Symfony\\Component\\Console\\Command\\Command->run(Object(Symfony\\Component\\Console\\Input\\ArgvInput), Object(Illuminate\\Console\\OutputStyle))
#21 E:\\laragon\\www\\elbauldelcodigo_5.7\\vendor\\symfony\\console\\Application.php(886): Illuminate\\Console\\Command->run(Object(Symfony\\Component\\Console\\Input\\ArgvInput), Object(Symfony\\Component\\Console\\Output\\ConsoleOutput))
#22 E:\\laragon\\www\\elbauldelcodigo_5.7\\vendor\\symfony\\console\\Application.php(262): Symfony\\Component\\Console\\Application->doRunCommand(Object(Illuminate\\Database\\Console\\Migrations\\MigrateCommand), Object(Symfony\\Component\\Console\\Input\\ArgvInput), Object(Symfony\\Component\\Console\\Output\\ConsoleOutput))
#23 E:\\laragon\\www\\elbauldelcodigo_5.7\\vendor\\symfony\\console\\Application.php(145): Symfony\\Component\\Console\\Application->doRun(Object(Symfony\\Component\\Console\\Input\\ArgvInput), Object(Symfony\\Component\\Console\\Output\\ConsoleOutput))
#24 E:\\laragon\\www\\elbauldelcodigo_5.7\\vendor\\laravel\\framework\\src\\Illuminate\\Console\\Application.php(89): Symfony\\Component\\Console\\Application->run(Object(Symfony\\Component\\Console\\Input\\ArgvInput), Object(Symfony\\Component\\Console\\Output\\ConsoleOutput))
#25 E:\\laragon\\www\\elbauldelcodigo_5.7\\vendor\\laravel\\framework\\src\\Illuminate\\Foundation\\Console\\Kernel.php(122): Illuminate\\Console\\Application->run(Object(Symfony\\Component\\Console\\Input\\ArgvInput), Object(Symfony\\Component\\Console\\Output\\ConsoleOutput))
#26 E:\\laragon\\www\\elbauldelcodigo_5.7\\artisan(37): Illuminate\\Foundation\\Console\\Kernel->handle(Object(Symfony\\Component\\Console\\Input\\ArgvInput), Object(Symfony\\Component\\Console\\Output\\ConsoleOutput))
#27 {main}
"} 
[2018-11-25 20:18:31] local.ERROR: Command "make:migrate" is not defined.

Did you mean one of these?
    make:auth
    make:channel
    make:command
    make:controller
    make:event
    make:exception
    make:factory
    make:job
    make:listener
    make:mail
    make:middleware
    make:migration
    make:model
    make:notification
    make:observer
    make:policy
    make:provider
    make:request
    make:resource
    make:rule
    make:seeder
    make:test {"exception":"[object] (Symfony\\Component\\Console\\Exception\\CommandNotFoundException(code: 0): Command \"make:migrate\" is not defined.

Did you mean one of these?
    make:auth
    make:channel
    make:command
    make:controller
    make:event
    make:exception
    make:factory
    make:job
    make:listener
    make:mail
    make:middleware
    make:migration
    make:model
    make:notification
    make:observer
    make:policy
    make:provider
    make:request
    make:resource
    make:rule
    make:seeder
    make:test at E:\\laragon\\www\\elbauldelcodigo_5.7\\vendor\\symfony\\console\\Application.php:632)
[stacktrace]
#0 E:\\laragon\\www\\elbauldelcodigo_5.7\\vendor\\symfony\\console\\Application.php(226): Symfony\\Component\\Console\\Application->find('make:migrate')
#1 E:\\laragon\\www\\elbauldelcodigo_5.7\\vendor\\symfony\\console\\Application.php(145): Symfony\\Component\\Console\\Application->doRun(Object(Symfony\\Component\\Console\\Input\\ArgvInput), Object(Symfony\\Component\\Console\\Output\\ConsoleOutput))
#2 E:\\laragon\\www\\elbauldelcodigo_5.7\\vendor\\laravel\\framework\\src\\Illuminate\\Console\\Application.php(89): Symfony\\Component\\Console\\Application->run(Object(Symfony\\Component\\Console\\Input\\ArgvInput), Object(Symfony\\Component\\Console\\Output\\ConsoleOutput))
#3 E:\\laragon\\www\\elbauldelcodigo_5.7\\vendor\\laravel\\framework\\src\\Illuminate\\Foundation\\Console\\Kernel.php(122): Illuminate\\Console\\Application->run(Object(Symfony\\Component\\Console\\Input\\ArgvInput), Object(Symfony\\Component\\Console\\Output\\ConsoleOutput))
#4 E:\\laragon\\www\\elbauldelcodigo_5.7\\artisan(37): Illuminate\\Foundation\\Console\\Kernel->handle(Object(Symfony\\Component\\Console\\Input\\ArgvInput), Object(Symfony\\Component\\Console\\Output\\ConsoleOutput))
#5 {main}
"} 
[2018-11-25 20:18:45] local.ERROR: Command "make:migratation" is not defined.

Did you mean one of these?
    make:auth
    make:channel
    make:command
    make:controller
    make:event
    make:exception
    make:factory
    make:job
    make:listener
    make:mail
    make:middleware
    make:migration
    make:model
    make:notification
    make:observer
    make:policy
    make:provider
    make:request
    make:resource
    make:rule
    make:seeder
    make:test {"exception":"[object] (Symfony\\Component\\Console\\Exception\\CommandNotFoundException(code: 0): Command \"make:migratation\" is not defined.

Did you mean one of these?
    make:auth
    make:channel
    make:command
    make:controller
    make:event
    make:exception
    make:factory
    make:job
    make:listener
    make:mail
    make:middleware
    make:migration
    make:model
    make:notification
    make:observer
    make:policy
    make:provider
    make:request
    make:resource
    make:rule
    make:seeder
    make:test at E:\\laragon\\www\\elbauldelcodigo_5.7\\vendor\\symfony\\console\\Application.php:632)
[stacktrace]
#0 E:\\laragon\\www\\elbauldelcodigo_5.7\\vendor\\symfony\\console\\Application.php(226): Symfony\\Component\\Console\\Application->find('make:migratatio...')
#1 E:\\laragon\\www\\elbauldelcodigo_5.7\\vendor\\symfony\\console\\Application.php(145): Symfony\\Component\\Console\\Application->doRun(Object(Symfony\\Component\\Console\\Input\\ArgvInput), Object(Symfony\\Component\\Console\\Output\\ConsoleOutput))
#2 E:\\laragon\\www\\elbauldelcodigo_5.7\\vendor\\laravel\\framework\\src\\Illuminate\\Console\\Application.php(89): Symfony\\Component\\Console\\Application->run(Object(Symfony\\Component\\Console\\Input\\ArgvInput), Object(Symfony\\Component\\Console\\Output\\ConsoleOutput))
#3 E:\\laragon\\www\\elbauldelcodigo_5.7\\vendor\\laravel\\framework\\src\\Illuminate\\Foundation\\Console\\Kernel.php(122): Illuminate\\Console\\Application->run(Object(Symfony\\Component\\Console\\Input\\ArgvInput), Object(Symfony\\Component\\Console\\Output\\ConsoleOutput))
#4 E:\\laragon\\www\\elbauldelcodigo_5.7\\artisan(37): Illuminate\\Foundation\\Console\\Kernel->handle(Object(Symfony\\Component\\Console\\Input\\ArgvInput), Object(Symfony\\Component\\Console\\Output\\ConsoleOutput))
#5 {main}
"} 
[2018-11-25 20:18:58] local.ERROR: Too many arguments, expected arguments "command" "name". {"exception":"[object] (Symfony\\Component\\Console\\Exception\\RuntimeException(code: 0): Too many arguments, expected arguments \"command\" \"name\". at E:\\laragon\\www\\elbauldelcodigo_5.7\\vendor\\symfony\\console\\Input\\ArgvInput.php:183)
[stacktrace]
#0 E:\\laragon\\www\\elbauldelcodigo_5.7\\vendor\\symfony\\console\\Input\\ArgvInput.php(86): Symfony\\Component\\Console\\Input\\ArgvInput->parseArgument('table=posts')
#1 E:\\laragon\\www\\elbauldelcodigo_5.7\\vendor\\symfony\\console\\Input\\Input.php(55): Symfony\\Component\\Console\\Input\\ArgvInput->parse()
#2 E:\\laragon\\www\\elbauldelcodigo_5.7\\vendor\\symfony\\console\\Command\\Command.php(214): Symfony\\Component\\Console\\Input\\Input->bind(Object(Symfony\\Component\\Console\\Input\\InputDefinition))
#3 E:\\laragon\\www\\elbauldelcodigo_5.7\\vendor\\laravel\\framework\\src\\Illuminate\\Console\\Command.php(170): Symfony\\Component\\Console\\Command\\Command->run(Object(Symfony\\Component\\Console\\Input\\ArgvInput), Object(Illuminate\\Console\\OutputStyle))
#4 E:\\laragon\\www\\elbauldelcodigo_5.7\\vendor\\symfony\\console\\Application.php(886): Illuminate\\Console\\Command->run(Object(Symfony\\Component\\Console\\Input\\ArgvInput), Object(Symfony\\Component\\Console\\Output\\ConsoleOutput))
#5 E:\\laragon\\www\\elbauldelcodigo_5.7\\vendor\\symfony\\console\\Application.php(262): Symfony\\Component\\Console\\Application->doRunCommand(Object(Illuminate\\Database\\Console\\Migrations\\MigrateMakeCommand), Object(Symfony\\Component\\Console\\Input\\ArgvInput), Object(Symfony\\Component\\Console\\Output\\ConsoleOutput))
#6 E:\\laragon\\www\\elbauldelcodigo_5.7\\vendor\\symfony\\console\\Application.php(145): Symfony\\Component\\Console\\Application->doRun(Object(Symfony\\Component\\Console\\Input\\ArgvInput), Object(Symfony\\Component\\Console\\Output\\ConsoleOutput))
#7 E:\\laragon\\www\\elbauldelcodigo_5.7\\vendor\\laravel\\framework\\src\\Illuminate\\Console\\Application.php(89): Symfony\\Component\\Console\\Application->run(Object(Symfony\\Component\\Console\\Input\\ArgvInput), Object(Symfony\\Component\\Console\\Output\\ConsoleOutput))
#8 E:\\laragon\\www\\elbauldelcodigo_5.7\\vendor\\laravel\\framework\\src\\Illuminate\\Foundation\\Console\\Kernel.php(122): Illuminate\\Console\\Application->run(Object(Symfony\\Component\\Console\\Input\\ArgvInput), Object(Symfony\\Component\\Console\\Output\\ConsoleOutput))
#9 E:\\laragon\\www\\elbauldelcodigo_5.7\\artisan(37): Illuminate\\Foundation\\Console\\Kernel->handle(Object(Symfony\\Component\\Console\\Input\\ArgvInput), Object(Symfony\\Component\\Console\\Output\\ConsoleOutput))
#10 {main}
"} 
